<!DOCTYPE mapper PUBLIC "-//mybatis.org//DTD Mapper 3.0//EN" "http://mybatis.org/dtd/mybatis-3-mapper.dtd" >
<mapper namespace="com.lr.backer.dao.TestMapper">
	<select id="getTestList" parameterType="map" resultType="map">
		select userid,username from t_dt_user
	</select>	
</mapper>